生成启动时间为 2016/3/31 17:55:38。
     1>项目“D:\Telephone book\program\电话本\电话本.vcxproj”在节点 2 上(build 个目标)。
     1>InitializeBuildStatus:
         正在创建“Debug\电话本.unsuccessfulbuild”，因为已指定“AlwaysCreate”。
       ClCompile:
         f:\vs2010\安装\VC\bin\CL.exe /c /ZI /nologo /W3 /WX- /Od /Oy- /D WIN32 /D _DEBUG /D _CONSOLE /D _UNICODE /D UNICODE /Gm /EHsc /RTC1 /MDd /GS /fp:precise /Zc:wchar_t /Zc:forScope /Yc"StdAfx.h" /Fp"Debug\电话本.pch" /Fo"Debug\\" /Fd"Debug\vc100.pdb" /Gd /TP /analyze- /errorReport:prompt stdafx.cpp
         stdafx.cpp
         f:\vs2010\安装\VC\bin\CL.exe /c /ZI /nologo /W3 /WX- /Od /Oy- /D WIN32 /D _DEBUG /D _CONSOLE /D _UNICODE /D UNICODE /Gm /EHsc /RTC1 /MDd /GS /fp:precise /Zc:wchar_t /Zc:forScope /Yu"StdAfx.h" /Fp"Debug\电话本.pch" /Fo"Debug\\" /Fd"Debug\vc100.pdb" /Gd /TP /analyze- /errorReport:prompt "电话本.cpp"
         电话本.cpp
     1>d:\telephone book\program\电话本\电话本.cpp(52): warning C4996: 'scanf': This function or variable may be unsafe. Consider using scanf_s instead. To disable deprecation, use _CRT_SECURE_NO_WARNINGS. See online help for details.
                 f:\vs2010\安装\vc\include\stdio.h(304) : 参见“scanf”的声明
     1>d:\telephone book\program\电话本\电话本.cpp(93): warning C4996: 'fopen': This function or variable may be unsafe. Consider using fopen_s instead. To disable deprecation, use _CRT_SECURE_NO_WARNINGS. See online help for details.
                 f:\vs2010\安装\vc\include\stdio.h(234) : 参见“fopen”的声明
     1>d:\telephone book\program\电话本\电话本.cpp(99): warning C4996: 'fscanf': This function or variable may be unsafe. Consider using fscanf_s instead. To disable deprecation, use _CRT_SECURE_NO_WARNINGS. See online help for details.
                 f:\vs2010\安装\vc\include\stdio.h(253) : 参见“fscanf”的声明
     1>d:\telephone book\program\电话本\电话本.cpp(101): warning C4996: 'fscanf': This function or variable may be unsafe. Consider using fscanf_s instead. To disable deprecation, use _CRT_SECURE_NO_WARNINGS. See online help for details.
                 f:\vs2010\安装\vc\include\stdio.h(253) : 参见“fscanf”的声明
     1>d:\telephone book\program\电话本\电话本.cpp(113): warning C4996: 'scanf': This function or variable may be unsafe. Consider using scanf_s instead. To disable deprecation, use _CRT_SECURE_NO_WARNINGS. See online help for details.
                 f:\vs2010\安装\vc\include\stdio.h(304) : 参见“scanf”的声明
     1>d:\telephone book\program\电话本\电话本.cpp(117): warning C4996: 'scanf': This function or variable may be unsafe. Consider using scanf_s instead. To disable deprecation, use _CRT_SECURE_NO_WARNINGS. See online help for details.
                 f:\vs2010\安装\vc\include\stdio.h(304) : 参见“scanf”的声明
     1>d:\telephone book\program\电话本\电话本.cpp(160): warning C4996: 'scanf': This function or variable may be unsafe. Consider using scanf_s instead. To disable deprecation, use _CRT_SECURE_NO_WARNINGS. See online help for details.
                 f:\vs2010\安装\vc\include\stdio.h(304) : 参见“scanf”的声明
     1>d:\telephone book\program\电话本\电话本.cpp(165): warning C4996: 'scanf': This function or variable may be unsafe. Consider using scanf_s instead. To disable deprecation, use _CRT_SECURE_NO_WARNINGS. See online help for details.
                 f:\vs2010\安装\vc\include\stdio.h(304) : 参见“scanf”的声明
     1>d:\telephone book\program\电话本\电话本.cpp(187): warning C4996: 'scanf': This function or variable may be unsafe. Consider using scanf_s instead. To disable deprecation, use _CRT_SECURE_NO_WARNINGS. See online help for details.
                 f:\vs2010\安装\vc\include\stdio.h(304) : 参见“scanf”的声明
     1>d:\telephone book\program\电话本\电话本.cpp(192): warning C4996: 'scanf': This function or variable may be unsafe. Consider using scanf_s instead. To disable deprecation, use _CRT_SECURE_NO_WARNINGS. See online help for details.
                 f:\vs2010\安装\vc\include\stdio.h(304) : 参见“scanf”的声明
     1>d:\telephone book\program\电话本\电话本.cpp(194): warning C4996: 'scanf': This function or variable may be unsafe. Consider using scanf_s instead. To disable deprecation, use _CRT_SECURE_NO_WARNINGS. See online help for details.
                 f:\vs2010\安装\vc\include\stdio.h(304) : 参见“scanf”的声明
     1>d:\telephone book\program\电话本\电话本.cpp(196): warning C4996: 'scanf': This function or variable may be unsafe. Consider using scanf_s instead. To disable deprecation, use _CRT_SECURE_NO_WARNINGS. See online help for details.
                 f:\vs2010\安装\vc\include\stdio.h(304) : 参见“scanf”的声明
     1>d:\telephone book\program\电话本\电话本.cpp(203): warning C4996: 'scanf': This function or variable may be unsafe. Consider using scanf_s instead. To disable deprecation, use _CRT_SECURE_NO_WARNINGS. See online help for details.
                 f:\vs2010\安装\vc\include\stdio.h(304) : 参见“scanf”的声明
     1>d:\telephone book\program\电话本\电话本.cpp(227): warning C4996: 'fopen': This function or variable may be unsafe. Consider using fopen_s instead. To disable deprecation, use _CRT_SECURE_NO_WARNINGS. See online help for details.
                 f:\vs2010\安装\vc\include\stdio.h(234) : 参见“fopen”的声明
     1>d:\telephone book\program\电话本\电话本.cpp(256): warning C4996: 'scanf': This function or variable may be unsafe. Consider using scanf_s instead. To disable deprecation, use _CRT_SECURE_NO_WARNINGS. See online help for details.
                 f:\vs2010\安装\vc\include\stdio.h(304) : 参见“scanf”的声明
     1>d:\telephone book\program\电话本\电话本.cpp(261): warning C4996: 'scanf': This function or variable may be unsafe. Consider using scanf_s instead. To disable deprecation, use _CRT_SECURE_NO_WARNINGS. See online help for details.
                 f:\vs2010\安装\vc\include\stdio.h(304) : 参见“scanf”的声明
     1>d:\telephone book\program\电话本\电话本.cpp(284): warning C4996: 'scanf': This function or variable may be unsafe. Consider using scanf_s instead. To disable deprecation, use _CRT_SECURE_NO_WARNINGS. See online help for details.
                 f:\vs2010\安装\vc\include\stdio.h(304) : 参见“scanf”的声明
     1>d:\telephone book\program\电话本\电话本.cpp(312): warning C4996: 'scanf': This function or variable may be unsafe. Consider using scanf_s instead. To disable deprecation, use _CRT_SECURE_NO_WARNINGS. See online help for details.
                 f:\vs2010\安装\vc\include\stdio.h(304) : 参见“scanf”的声明
     1>d:\telephone book\program\电话本\电话本.cpp(318): warning C4996: 'scanf': This function or variable may be unsafe. Consider using scanf_s instead. To disable deprecation, use _CRT_SECURE_NO_WARNINGS. See online help for details.
                 f:\vs2010\安装\vc\include\stdio.h(304) : 参见“scanf”的声明
     1>d:\telephone book\program\电话本\电话本.cpp(319): warning C4996: 'strcpy': This function or variable may be unsafe. Consider using strcpy_s instead. To disable deprecation, use _CRT_SECURE_NO_WARNINGS. See online help for details.
                 f:\vs2010\安装\vc\include\string.h(105) : 参见“strcpy”的声明
     1>d:\telephone book\program\电话本\电话本.cpp(326): warning C4996: 'scanf': This function or variable may be unsafe. Consider using scanf_s instead. To disable deprecation, use _CRT_SECURE_NO_WARNINGS. See online help for details.
                 f:\vs2010\安装\vc\include\stdio.h(304) : 参见“scanf”的声明
     1>d:\telephone book\program\电话本\电话本.cpp(327): warning C4996: 'strcpy': This function or variable may be unsafe. Consider using strcpy_s instead. To disable deprecation, use _CRT_SECURE_NO_WARNINGS. See online help for details.
                 f:\vs2010\安装\vc\include\string.h(105) : 参见“strcpy”的声明
     1>d:\telephone book\program\电话本\电话本.cpp(335): warning C4996: 'scanf': This function or variable may be unsafe. Consider using scanf_s instead. To disable deprecation, use _CRT_SECURE_NO_WARNINGS. See online help for details.
                 f:\vs2010\安装\vc\include\stdio.h(304) : 参见“scanf”的声明
     1>d:\telephone book\program\电话本\电话本.cpp(336): warning C4996: 'strcpy': This function or variable may be unsafe. Consider using strcpy_s instead. To disable deprecation, use _CRT_SECURE_NO_WARNINGS. See online help for details.
                 f:\vs2010\安装\vc\include\string.h(105) : 参见“strcpy”的声明
     1>d:\telephone book\program\电话本\电话本.cpp(349): warning C4996: 'scanf': This function or variable may be unsafe. Consider using scanf_s instead. To disable deprecation, use _CRT_SECURE_NO_WARNINGS. See online help for details.
                 f:\vs2010\安装\vc\include\stdio.h(304) : 参见“scanf”的声明
     1>d:\telephone book\program\电话本\电话本.cpp(387): warning C4996: 'scanf': This function or variable may be unsafe. Consider using scanf_s instead. To disable deprecation, use _CRT_SECURE_NO_WARNINGS. See online help for details.
                 f:\vs2010\安装\vc\include\stdio.h(304) : 参见“scanf”的声明
     1>d:\telephone book\program\电话本\电话本.cpp(393): warning C4996: 'scanf': This function or variable may be unsafe. Consider using scanf_s instead. To disable deprecation, use _CRT_SECURE_NO_WARNINGS. See online help for details.
                 f:\vs2010\安装\vc\include\stdio.h(304) : 参见“scanf”的声明
     1>d:\telephone book\program\电话本\电话本.cpp(410): warning C4996: 'scanf': This function or variable may be unsafe. Consider using scanf_s instead. To disable deprecation, use _CRT_SECURE_NO_WARNINGS. See online help for details.
                 f:\vs2010\安装\vc\include\stdio.h(304) : 参见“scanf”的声明
     1>d:\telephone book\program\电话本\电话本.cpp(415): warning C4996: 'scanf': This function or variable may be unsafe. Consider using scanf_s instead. To disable deprecation, use _CRT_SECURE_NO_WARNINGS. See online help for details.
                 f:\vs2010\安装\vc\include\stdio.h(304) : 参见“scanf”的声明
     1>d:\telephone book\program\电话本\电话本.cpp(443): warning C4996: 'scanf': This function or variable may be unsafe. Consider using scanf_s instead. To disable deprecation, use _CRT_SECURE_NO_WARNINGS. See online help for details.
                 f:\vs2010\安装\vc\include\stdio.h(304) : 参见“scanf”的声明
       ManifestResourceCompile:
         C:\Program Files (x86)\Microsoft SDKs\Windows\v7.0A\bin\rc.exe /nologo /fo"Debug\电话本.exe.embed.manifest.res" "Debug\电话本_manifest.rc" 
       Link:
         f:\vs2010\安装\VC\bin\link.exe /ERRORREPORT:PROMPT /OUT:"D:\Telephone book\program\Debug\电话本.exe" /INCREMENTAL /NOLOGO kernel32.lib user32.lib gdi32.lib winspool.lib comdlg32.lib advapi32.lib shell32.lib ole32.lib oleaut32.lib uuid.lib odbc32.lib odbccp32.lib /MANIFEST /ManifestFile:"Debug\电话本.exe.intermediate.manifest" /MANIFESTUAC:"level='asInvoker' uiAccess='false'" /DEBUG /PDB:"D:\Telephone book\program\Debug\电话本.pdb" /SUBSYSTEM:CONSOLE /TLBID:1 /DYNAMICBASE /NXCOMPAT /IMPLIB:"D:\Telephone book\program\Debug\电话本.lib" /MACHINE:X86 "Debug\电话本.exe.embed.manifest.res"
         Debug\stdafx.obj
         "Debug\电话本.obj"
       Manifest:
         C:\Program Files (x86)\Microsoft SDKs\Windows\v7.0A\bin\mt.exe /nologo /verbose /out:"Debug\电话本.exe.embed.manifest" /manifest "Debug\电话本.exe.intermediate.manifest"
         所有输出均为最新。
       LinkEmbedManifest:
         f:\vs2010\安装\VC\bin\link.exe /ERRORREPORT:PROMPT /OUT:"D:\Telephone book\program\Debug\电话本.exe" /INCREMENTAL /NOLOGO kernel32.lib user32.lib gdi32.lib winspool.lib comdlg32.lib advapi32.lib shell32.lib ole32.lib oleaut32.lib uuid.lib odbc32.lib odbccp32.lib /MANIFEST /ManifestFile:"Debug\电话本.exe.intermediate.manifest" /MANIFESTUAC:"level='asInvoker' uiAccess='false'" /DEBUG /PDB:"D:\Telephone book\program\Debug\电话本.pdb" /SUBSYSTEM:CONSOLE /TLBID:1 /DYNAMICBASE /NXCOMPAT /IMPLIB:"D:\Telephone book\program\Debug\电话本.lib" /MACHINE:X86 "Debug\电话本.exe.embed.manifest.res"
         Debug\stdafx.obj
         "Debug\电话本.obj"
         电话本.vcxproj -> D:\Telephone book\program\Debug\电话本.exe
       FinalizeBuildStatus:
         正在删除文件“Debug\电话本.unsuccessfulbuild”。
         正在对“Debug\电话本.lastbuildstate”执行 Touch 任务。
     1>已完成生成项目“D:\Telephone book\program\电话本\电话本.vcxproj”(build 个目标)的操作。

生成成功。

已用时间 00:00:02.36
